13:36:41 INFO  : Registering command handlers for SDK TCF services
13:36:43 INFO  : Launching XSCT server: xsct.bat -interactive C:\Users\arthu\Documents\ECE532\Tutorials\5_TCPClientUsingLWIP\GroupTask\GroupTask.sdk\temp_xsdb_launch_script.tcl
13:36:47 INFO  : XSCT server has started successfully.
13:36:51 INFO  : Successfully done setting XSCT server connection channel  
13:36:51 INFO  : Processing command line option -hwspec C:/Users/arthu/Documents/ECE532/Tutorials/5_TCPClientUsingLWIP/GroupTask/GroupTask.sdk/design_1_wrapper.hdf.
13:36:51 INFO  : Successfully done setting SDK workspace  
13:46:38 INFO  : Connected to target on host '127.0.0.1' and port '3121'.
13:46:38 INFO  : Jtag cable 'Digilent Nexys4DDR 210292646023A' is selected.
13:46:38 INFO  : 'jtag frequency' command is executed.
13:46:38 INFO  : 'targets -set -filter {jtag_cable_name =~ "Digilent Nexys4DDR 210292646023A" && level==0} -index 0' command is executed.
13:46:41 INFO  : FPGA configured successfully with bitstream "C:/Users/arthu/Documents/ECE532/Tutorials/5_TCPClientUsingLWIP/GroupTask/GroupTask.sdk/design_1_wrapper_hw_platform_0/design_1_wrapper.bit"
13:46:41 INFO  : 'configparams mdm-detect-bscan-mask 2' command is executed.
13:46:41 INFO  : Context for processor 'microblaze_0' is selected.
13:46:41 INFO  : Processor reset is completed for 'microblaze_0'.
13:46:41 INFO  : Context for processor 'microblaze_0' is selected.
13:46:42 INFO  : The application 'C:/Users/arthu/Documents/ECE532/Tutorials/5_TCPClientUsingLWIP/GroupTask/GroupTask.sdk/echo_project/Debug/echo_project.elf' is downloaded to processor 'microblaze_0'.
13:46:42 INFO  : ----------------XSDB Script----------------
connect -url tcp:127.0.0.1:3121
targets -set -filter {jtag_cable_name =~ "Digilent Nexys4DDR 210292646023A" && level==0} -index 0
fpga -file C:/Users/arthu/Documents/ECE532/Tutorials/5_TCPClientUsingLWIP/GroupTask/GroupTask.sdk/design_1_wrapper_hw_platform_0/design_1_wrapper.bit
configparams mdm-detect-bscan-mask 2
targets -set -nocase -filter {name =~ "microblaze*#0" && bscan=="USER2"  && jtag_cable_name =~ "Digilent Nexys4DDR 210292646023A"} -index 0
rst -processor
targets -set -nocase -filter {name =~ "microblaze*#0" && bscan=="USER2"  && jtag_cable_name =~ "Digilent Nexys4DDR 210292646023A"} -index 0
dow C:/Users/arthu/Documents/ECE532/Tutorials/5_TCPClientUsingLWIP/GroupTask/GroupTask.sdk/echo_project/Debug/echo_project.elf
----------------End of Script----------------

13:46:42 INFO  : Context for processor 'microblaze_0' is selected.
13:46:42 INFO  : 'con' command is executed.
13:46:42 INFO  : ----------------XSDB Script (After Launch)----------------
targets -set -nocase -filter {name =~ "microblaze*#0" && bscan=="USER2"  && jtag_cable_name =~ "Digilent Nexys4DDR 210292646023A"} -index 0
con
----------------End of Script----------------

13:46:42 INFO  : Disconnected from the channel tcfchan#1.
13:47:40 INFO  : Connected to target on host '127.0.0.1' and port '3121'.
13:47:41 INFO  : Jtag cable 'Digilent Nexys4DDR 210292646023A' is selected.
13:47:41 INFO  : 'jtag frequency' command is executed.
13:47:41 INFO  : 'targets -set -filter {jtag_cable_name =~ "Digilent Nexys4DDR 210292646023A" && level==0} -index 0' command is executed.
13:47:43 INFO  : FPGA configured successfully with bitstream "C:/Users/arthu/Documents/ECE532/Tutorials/5_TCPClientUsingLWIP/GroupTask/GroupTask.sdk/design_1_wrapper_hw_platform_0/design_1_wrapper.bit"
13:47:43 INFO  : 'configparams mdm-detect-bscan-mask 2' command is executed.
13:47:43 INFO  : Context for processor 'microblaze_0' is selected.
13:47:43 INFO  : Processor reset is completed for 'microblaze_0'.
13:47:43 INFO  : Context for processor 'microblaze_0' is selected.
13:47:44 INFO  : The application 'C:/Users/arthu/Documents/ECE532/Tutorials/5_TCPClientUsingLWIP/GroupTask/GroupTask.sdk/echo_project/Debug/echo_project.elf' is downloaded to processor 'microblaze_0'.
13:47:44 INFO  : ----------------XSDB Script----------------
connect -url tcp:127.0.0.1:3121
targets -set -filter {jtag_cable_name =~ "Digilent Nexys4DDR 210292646023A" && level==0} -index 0
fpga -file C:/Users/arthu/Documents/ECE532/Tutorials/5_TCPClientUsingLWIP/GroupTask/GroupTask.sdk/design_1_wrapper_hw_platform_0/design_1_wrapper.bit
configparams mdm-detect-bscan-mask 2
targets -set -nocase -filter {name =~ "microblaze*#0" && bscan=="USER2"  && jtag_cable_name =~ "Digilent Nexys4DDR 210292646023A"} -index 0
rst -processor
targets -set -nocase -filter {name =~ "microblaze*#0" && bscan=="USER2"  && jtag_cable_name =~ "Digilent Nexys4DDR 210292646023A"} -index 0
dow C:/Users/arthu/Documents/ECE532/Tutorials/5_TCPClientUsingLWIP/GroupTask/GroupTask.sdk/echo_project/Debug/echo_project.elf
----------------End of Script----------------

13:47:44 INFO  : Context for processor 'microblaze_0' is selected.
13:47:44 INFO  : 'con' command is executed.
13:47:44 INFO  : ----------------XSDB Script (After Launch)----------------
targets -set -nocase -filter {name =~ "microblaze*#0" && bscan=="USER2"  && jtag_cable_name =~ "Digilent Nexys4DDR 210292646023A"} -index 0
con
----------------End of Script----------------

13:47:44 INFO  : Disconnected from the channel tcfchan#2.
13:48:19 INFO  : Connected to target on host '127.0.0.1' and port '3121'.
13:48:19 INFO  : 'targets -set -filter {jtag_cable_name =~ "Digilent Nexys4DDR 210292646023A" && level==0} -index 0' command is executed.
13:48:21 INFO  : FPGA configured successfully with bitstream "C:/Users/arthu/Documents/ECE532/Tutorials/5_TCPClientUsingLWIP/GroupTask/GroupTask.sdk/design_1_wrapper_hw_platform_0/download.bit"
13:48:34 INFO  : Connected to target on host '127.0.0.1' and port '3121'.
13:48:34 INFO  : Jtag cable 'Digilent Nexys4DDR 210292646023A' is selected.
13:48:34 INFO  : 'jtag frequency' command is executed.
13:48:34 INFO  : 'targets -set -filter {jtag_cable_name =~ "Digilent Nexys4DDR 210292646023A" && level==0} -index 0' command is executed.
13:48:36 INFO  : FPGA configured successfully with bitstream "C:/Users/arthu/Documents/ECE532/Tutorials/5_TCPClientUsingLWIP/GroupTask/GroupTask.sdk/design_1_wrapper_hw_platform_0/design_1_wrapper.bit"
13:48:36 INFO  : 'configparams mdm-detect-bscan-mask 2' command is executed.
13:48:36 INFO  : Context for processor 'microblaze_0' is selected.
13:48:36 INFO  : Processor reset is completed for 'microblaze_0'.
13:48:36 INFO  : Context for processor 'microblaze_0' is selected.
13:48:37 INFO  : The application 'C:/Users/arthu/Documents/ECE532/Tutorials/5_TCPClientUsingLWIP/GroupTask/GroupTask.sdk/echo_project/Debug/echo_project.elf' is downloaded to processor 'microblaze_0'.
13:48:37 INFO  : ----------------XSDB Script----------------
connect -url tcp:127.0.0.1:3121
targets -set -filter {jtag_cable_name =~ "Digilent Nexys4DDR 210292646023A" && level==0} -index 0
fpga -file C:/Users/arthu/Documents/ECE532/Tutorials/5_TCPClientUsingLWIP/GroupTask/GroupTask.sdk/design_1_wrapper_hw_platform_0/design_1_wrapper.bit
configparams mdm-detect-bscan-mask 2
targets -set -nocase -filter {name =~ "microblaze*#0" && bscan=="USER2"  && jtag_cable_name =~ "Digilent Nexys4DDR 210292646023A"} -index 0
rst -processor
targets -set -nocase -filter {name =~ "microblaze*#0" && bscan=="USER2"  && jtag_cable_name =~ "Digilent Nexys4DDR 210292646023A"} -index 0
dow C:/Users/arthu/Documents/ECE532/Tutorials/5_TCPClientUsingLWIP/GroupTask/GroupTask.sdk/echo_project/Debug/echo_project.elf
----------------End of Script----------------

13:48:37 INFO  : Context for processor 'microblaze_0' is selected.
13:48:37 INFO  : 'con' command is executed.
13:48:37 INFO  : ----------------XSDB Script (After Launch)----------------
targets -set -nocase -filter {name =~ "microblaze*#0" && bscan=="USER2"  && jtag_cable_name =~ "Digilent Nexys4DDR 210292646023A"} -index 0
con
----------------End of Script----------------

13:48:37 INFO  : Disconnected from the channel tcfchan#3.
13:49:42 INFO  : Connected to target on host '127.0.0.1' and port '3121'.
13:49:42 INFO  : 'targets -set -filter {jtag_cable_name =~ "Digilent Nexys4DDR 210292646023A" && level==0} -index 0' command is executed.
13:49:45 INFO  : FPGA configured successfully with bitstream "C:/Users/arthu/Documents/ECE532/Tutorials/5_TCPClientUsingLWIP/GroupTask/GroupTask.sdk/design_1_wrapper_hw_platform_0/download.bit"
13:50:20 INFO  : Connected to target on host '127.0.0.1' and port '3121'.
13:50:20 INFO  : Jtag cable 'Digilent Nexys4DDR 210292646023A' is selected.
13:50:20 INFO  : 'jtag frequency' command is executed.
13:50:20 INFO  : 'targets -set -filter {jtag_cable_name =~ "Digilent Nexys4DDR 210292646023A" && level==0} -index 0' command is executed.
13:50:23 INFO  : FPGA configured successfully with bitstream "C:/Users/arthu/Documents/ECE532/Tutorials/5_TCPClientUsingLWIP/GroupTask/GroupTask.sdk/design_1_wrapper_hw_platform_0/design_1_wrapper.bit"
13:50:23 INFO  : 'configparams mdm-detect-bscan-mask 2' command is executed.
13:50:23 INFO  : Context for processor 'microblaze_0' is selected.
13:50:23 INFO  : Processor reset is completed for 'microblaze_0'.
13:50:23 INFO  : Context for processor 'microblaze_0' is selected.
13:50:24 INFO  : The application 'C:/Users/arthu/Documents/ECE532/Tutorials/5_TCPClientUsingLWIP/GroupTask/GroupTask.sdk/echo_project/Debug/echo_project.elf' is downloaded to processor 'microblaze_0'.
13:50:24 INFO  : ----------------XSDB Script----------------
connect -url tcp:127.0.0.1:3121
targets -set -filter {jtag_cable_name =~ "Digilent Nexys4DDR 210292646023A" && level==0} -index 0
fpga -file C:/Users/arthu/Documents/ECE532/Tutorials/5_TCPClientUsingLWIP/GroupTask/GroupTask.sdk/design_1_wrapper_hw_platform_0/design_1_wrapper.bit
configparams mdm-detect-bscan-mask 2
targets -set -nocase -filter {name =~ "microblaze*#0" && bscan=="USER2"  && jtag_cable_name =~ "Digilent Nexys4DDR 210292646023A"} -index 0
rst -processor
targets -set -nocase -filter {name =~ "microblaze*#0" && bscan=="USER2"  && jtag_cable_name =~ "Digilent Nexys4DDR 210292646023A"} -index 0
dow C:/Users/arthu/Documents/ECE532/Tutorials/5_TCPClientUsingLWIP/GroupTask/GroupTask.sdk/echo_project/Debug/echo_project.elf
----------------End of Script----------------

13:50:24 INFO  : Context for processor 'microblaze_0' is selected.
13:50:24 INFO  : 'con' command is executed.
13:50:24 INFO  : ----------------XSDB Script (After Launch)----------------
targets -set -nocase -filter {name =~ "microblaze*#0" && bscan=="USER2"  && jtag_cable_name =~ "Digilent Nexys4DDR 210292646023A"} -index 0
con
----------------End of Script----------------

13:50:24 INFO  : Disconnected from the channel tcfchan#4.
13:52:13 INFO  : Connected to target on host '127.0.0.1' and port '3121'.
13:52:14 INFO  : Jtag cable 'Digilent Nexys4DDR 210292646023A' is selected.
13:52:14 INFO  : 'jtag frequency' command is executed.
13:52:14 INFO  : 'targets -set -filter {jtag_cable_name =~ "Digilent Nexys4DDR 210292646023A" && level==0} -index 0' command is executed.
13:52:16 INFO  : FPGA configured successfully with bitstream "C:/Users/arthu/Documents/ECE532/Tutorials/5_TCPClientUsingLWIP/GroupTask/GroupTask.sdk/design_1_wrapper_hw_platform_0/design_1_wrapper.bit"
13:52:16 INFO  : 'configparams mdm-detect-bscan-mask 2' command is executed.
13:52:16 INFO  : Context for processor 'microblaze_0' is selected.
13:52:16 INFO  : Processor reset is completed for 'microblaze_0'.
13:52:16 INFO  : Context for processor 'microblaze_0' is selected.
13:52:17 INFO  : The application 'C:/Users/arthu/Documents/ECE532/Tutorials/5_TCPClientUsingLWIP/GroupTask/GroupTask.sdk/echo_project/Debug/echo_project.elf' is downloaded to processor 'microblaze_0'.
13:52:17 INFO  : ----------------XSDB Script----------------
connect -url tcp:127.0.0.1:3121
targets -set -filter {jtag_cable_name =~ "Digilent Nexys4DDR 210292646023A" && level==0} -index 0
fpga -file C:/Users/arthu/Documents/ECE532/Tutorials/5_TCPClientUsingLWIP/GroupTask/GroupTask.sdk/design_1_wrapper_hw_platform_0/design_1_wrapper.bit
configparams mdm-detect-bscan-mask 2
targets -set -nocase -filter {name =~ "microblaze*#0" && bscan=="USER2"  && jtag_cable_name =~ "Digilent Nexys4DDR 210292646023A"} -index 0
rst -processor
targets -set -nocase -filter {name =~ "microblaze*#0" && bscan=="USER2"  && jtag_cable_name =~ "Digilent Nexys4DDR 210292646023A"} -index 0
dow C:/Users/arthu/Documents/ECE532/Tutorials/5_TCPClientUsingLWIP/GroupTask/GroupTask.sdk/echo_project/Debug/echo_project.elf
----------------End of Script----------------

13:53:44 INFO  : Disconnected from the channel tcfchan#5.
18:12:04 INFO  : Registering command handlers for SDK TCF services
18:12:05 INFO  : Launching XSCT server: xsct.bat -interactive C:\Users\arthu\Documents\ECE532\Tutorials\5_TCPClientUsingLWIP\GroupTask\GroupTask.sdk\temp_xsdb_launch_script.tcl
18:12:08 INFO  : XSCT server has started successfully.
18:12:08 INFO  : Successfully done setting XSCT server connection channel  
18:12:08 INFO  : Successfully done setting SDK workspace  
18:12:09 INFO  : Processing command line option -hwspec C:/Users/arthu/Documents/ECE532/Tutorials/5_TCPClientUsingLWIP/GroupTask/GroupTask.sdk/design_1_wrapper.hdf.
18:12:09 INFO  : Checking for hwspec changes in the project design_1_wrapper_hw_platform_0.
18:12:56 INFO  : Refreshed build settings on project echo_project
18:15:23 INFO  : Connected to target on host '127.0.0.1' and port '3121'.
18:15:24 INFO  : Jtag cable 'Digilent Nexys4DDR 210292646023A' is selected.
18:15:24 INFO  : 'jtag frequency' command is executed.
18:15:24 INFO  : 'targets -set -filter {jtag_cable_name =~ "Digilent Nexys4DDR 210292646023A" && level==0} -index 0' command is executed.
18:15:26 INFO  : FPGA configured successfully with bitstream "C:/Users/arthu/Documents/ECE532/Tutorials/5_TCPClientUsingLWIP/GroupTask/GroupTask.sdk/design_1_wrapper_hw_platform_0/design_1_wrapper.bit"
18:15:26 INFO  : 'configparams mdm-detect-bscan-mask 2' command is executed.
18:15:26 INFO  : Context for processor 'microblaze_0' is selected.
18:15:26 INFO  : Processor reset is completed for 'microblaze_0'.
18:15:26 INFO  : Context for processor 'microblaze_0' is selected.
18:15:28 INFO  : The application 'C:/Users/arthu/Documents/ECE532/Tutorials/5_TCPClientUsingLWIP/GroupTask/GroupTask.sdk/echo_project/Debug/echo_project.elf' is downloaded to processor 'microblaze_0'.
18:15:28 INFO  : ----------------XSDB Script----------------
connect -url tcp:127.0.0.1:3121
targets -set -filter {jtag_cable_name =~ "Digilent Nexys4DDR 210292646023A" && level==0} -index 0
fpga -file C:/Users/arthu/Documents/ECE532/Tutorials/5_TCPClientUsingLWIP/GroupTask/GroupTask.sdk/design_1_wrapper_hw_platform_0/design_1_wrapper.bit
configparams mdm-detect-bscan-mask 2
targets -set -nocase -filter {name =~ "microblaze*#0" && bscan=="USER2"  && jtag_cable_name =~ "Digilent Nexys4DDR 210292646023A"} -index 0
rst -processor
targets -set -nocase -filter {name =~ "microblaze*#0" && bscan=="USER2"  && jtag_cable_name =~ "Digilent Nexys4DDR 210292646023A"} -index 0
dow C:/Users/arthu/Documents/ECE532/Tutorials/5_TCPClientUsingLWIP/GroupTask/GroupTask.sdk/echo_project/Debug/echo_project.elf
----------------End of Script----------------

18:15:28 INFO  : Context for processor 'microblaze_0' is selected.
18:15:28 INFO  : 'con' command is executed.
18:15:28 INFO  : ----------------XSDB Script (After Launch)----------------
targets -set -nocase -filter {name =~ "microblaze*#0" && bscan=="USER2"  && jtag_cable_name =~ "Digilent Nexys4DDR 210292646023A"} -index 0
con
----------------End of Script----------------

18:15:29 INFO  : Disconnected from the channel tcfchan#1.
18:16:47 INFO  : Connected to target on host '127.0.0.1' and port '3121'.
18:16:47 INFO  : 'targets -set -filter {jtag_cable_name =~ "Digilent Nexys4DDR 210292646023A" && level==0} -index 0' command is executed.
18:16:50 INFO  : FPGA configured successfully with bitstream "C:/Users/arthu/Documents/ECE532/Tutorials/5_TCPClientUsingLWIP/GroupTask/GroupTask.sdk/design_1_wrapper_hw_platform_0/download.bit"
18:18:07 INFO  : Connected to target on host '127.0.0.1' and port '3121'.
18:18:07 INFO  : Jtag cable 'Digilent Nexys4DDR 210292646023A' is selected.
18:18:07 INFO  : 'jtag frequency' command is executed.
18:18:07 INFO  : 'targets -set -filter {jtag_cable_name =~ "Digilent Nexys4DDR 210292646023A" && level==0} -index 0' command is executed.
18:18:10 INFO  : FPGA configured successfully with bitstream "C:/Users/arthu/Documents/ECE532/Tutorials/5_TCPClientUsingLWIP/GroupTask/GroupTask.sdk/design_1_wrapper_hw_platform_0/design_1_wrapper.bit"
18:18:10 INFO  : 'configparams mdm-detect-bscan-mask 2' command is executed.
18:18:10 INFO  : Context for processor 'microblaze_0' is selected.
18:18:10 INFO  : Processor reset is completed for 'microblaze_0'.
18:18:10 INFO  : Context for processor 'microblaze_0' is selected.
18:18:11 INFO  : The application 'C:/Users/arthu/Documents/ECE532/Tutorials/5_TCPClientUsingLWIP/GroupTask/GroupTask.sdk/echo_project/Debug/echo_project.elf' is downloaded to processor 'microblaze_0'.
18:18:11 INFO  : ----------------XSDB Script----------------
connect -url tcp:127.0.0.1:3121
targets -set -filter {jtag_cable_name =~ "Digilent Nexys4DDR 210292646023A" && level==0} -index 0
fpga -file C:/Users/arthu/Documents/ECE532/Tutorials/5_TCPClientUsingLWIP/GroupTask/GroupTask.sdk/design_1_wrapper_hw_platform_0/design_1_wrapper.bit
configparams mdm-detect-bscan-mask 2
targets -set -nocase -filter {name =~ "microblaze*#0" && bscan=="USER2"  && jtag_cable_name =~ "Digilent Nexys4DDR 210292646023A"} -index 0
rst -processor
targets -set -nocase -filter {name =~ "microblaze*#0" && bscan=="USER2"  && jtag_cable_name =~ "Digilent Nexys4DDR 210292646023A"} -index 0
dow C:/Users/arthu/Documents/ECE532/Tutorials/5_TCPClientUsingLWIP/GroupTask/GroupTask.sdk/echo_project/Debug/echo_project.elf
----------------End of Script----------------

18:18:11 INFO  : Context for processor 'microblaze_0' is selected.
18:18:11 INFO  : 'con' command is executed.
18:18:11 INFO  : ----------------XSDB Script (After Launch)----------------
targets -set -nocase -filter {name =~ "microblaze*#0" && bscan=="USER2"  && jtag_cable_name =~ "Digilent Nexys4DDR 210292646023A"} -index 0
con
----------------End of Script----------------

18:18:11 INFO  : Disconnected from the channel tcfchan#2.
18:51:05 INFO  : Registering command handlers for SDK TCF services
18:51:05 INFO  : Launching XSCT server: xsct.bat -interactive C:\Users\arthu\Documents\ECE532\Tutorials\5_TCPClientUsingLWIP\GroupTask\GroupTask.sdk\temp_xsdb_launch_script.tcl
18:51:10 INFO  : XSCT server has started successfully.
18:51:10 INFO  : Successfully done setting XSCT server connection channel  
18:51:10 INFO  : Successfully done setting SDK workspace  
18:51:10 INFO  : Processing command line option -hwspec C:/Users/arthu/Documents/ECE532/Tutorials/5_TCPClientUsingLWIP/GroupTask/GroupTask.sdk/design_1_wrapper.hdf.
18:51:10 INFO  : Checking for hwspec changes in the project design_1_wrapper_hw_platform_0.
18:51:54 INFO  : Connected to target on host '127.0.0.1' and port '3121'.
18:51:55 INFO  : 'targets -set -filter {jtag_cable_name =~ "Digilent Nexys4DDR 210292646023A" && level==0} -index 0' command is executed.
18:51:57 INFO  : FPGA configured successfully with bitstream "C:/Users/arthu/Documents/ECE532/Tutorials/5_TCPClientUsingLWIP/GroupTask/GroupTask.sdk/design_1_wrapper_hw_platform_0/download.bit"
18:52:21 INFO  : Connected to target on host '127.0.0.1' and port '3121'.
18:52:21 INFO  : Jtag cable 'Digilent Nexys4DDR 210292646023A' is selected.
18:52:21 INFO  : 'jtag frequency' command is executed.
18:52:21 INFO  : 'targets -set -filter {jtag_cable_name =~ "Digilent Nexys4DDR 210292646023A" && level==0} -index 0' command is executed.
18:52:24 INFO  : FPGA configured successfully with bitstream "C:/Users/arthu/Documents/ECE532/Tutorials/5_TCPClientUsingLWIP/GroupTask/GroupTask.sdk/design_1_wrapper_hw_platform_0/design_1_wrapper.bit"
18:52:24 INFO  : 'configparams mdm-detect-bscan-mask 2' command is executed.
18:52:24 INFO  : Context for processor 'microblaze_0' is selected.
18:52:24 INFO  : Processor reset is completed for 'microblaze_0'.
18:52:24 INFO  : Context for processor 'microblaze_0' is selected.
18:52:25 INFO  : The application 'C:/Users/arthu/Documents/ECE532/Tutorials/5_TCPClientUsingLWIP/GroupTask/GroupTask.sdk/echo_project/Debug/echo_project.elf' is downloaded to processor 'microblaze_0'.
18:52:25 INFO  : ----------------XSDB Script----------------
connect -url tcp:127.0.0.1:3121
targets -set -filter {jtag_cable_name =~ "Digilent Nexys4DDR 210292646023A" && level==0} -index 0
fpga -file C:/Users/arthu/Documents/ECE532/Tutorials/5_TCPClientUsingLWIP/GroupTask/GroupTask.sdk/design_1_wrapper_hw_platform_0/design_1_wrapper.bit
configparams mdm-detect-bscan-mask 2
targets -set -nocase -filter {name =~ "microblaze*#0" && bscan=="USER2"  && jtag_cable_name =~ "Digilent Nexys4DDR 210292646023A"} -index 0
rst -processor
targets -set -nocase -filter {name =~ "microblaze*#0" && bscan=="USER2"  && jtag_cable_name =~ "Digilent Nexys4DDR 210292646023A"} -index 0
dow C:/Users/arthu/Documents/ECE532/Tutorials/5_TCPClientUsingLWIP/GroupTask/GroupTask.sdk/echo_project/Debug/echo_project.elf
----------------End of Script----------------

18:52:25 INFO  : Context for processor 'microblaze_0' is selected.
18:52:25 INFO  : 'con' command is executed.
18:52:25 INFO  : ----------------XSDB Script (After Launch)----------------
targets -set -nocase -filter {name =~ "microblaze*#0" && bscan=="USER2"  && jtag_cable_name =~ "Digilent Nexys4DDR 210292646023A"} -index 0
con
----------------End of Script----------------

18:52:25 INFO  : Disconnected from the channel tcfchan#1.
19:07:12 INFO  : Launching XSCT server: xsct.bat -interactive C:\Users\arthu\Documents\ECE532\Tutorials\5_TCPClientUsingLWIP\GroupTask\GroupTask.sdk\temp_xsdb_launch_script.tcl
19:07:14 INFO  : XSCT server has started successfully.
19:07:14 INFO  : Successfully done setting XSCT server connection channel  
19:07:14 INFO  : Successfully done setting SDK workspace  
19:07:20 INFO  : Registering command handlers for SDK TCF services
19:07:21 INFO  : Processing command line option -hwspec C:/Users/arthu/Documents/ECE532/Tutorials/5_TCPClientUsingLWIP/GroupTask/GroupTask.sdk/design_1_wrapper.hdf.
19:07:22 INFO  : Checking for hwspec changes in the project design_1_wrapper_hw_platform_0.
19:08:21 INFO  : Connected to target on host '127.0.0.1' and port '3121'.
19:08:21 INFO  : 'targets -set -filter {jtag_cable_name =~ "Digilent Nexys4DDR 210292646023A" && level==0} -index 0' command is executed.
19:08:24 INFO  : FPGA configured successfully with bitstream "C:/Users/arthu/Documents/ECE532/Tutorials/5_TCPClientUsingLWIP/GroupTask/GroupTask.sdk/design_1_wrapper_hw_platform_0/download.bit"
19:08:44 INFO  : Connected to target on host '127.0.0.1' and port '3121'.
19:08:44 INFO  : Jtag cable 'Digilent Nexys4DDR 210292646023A' is selected.
19:08:44 INFO  : 'jtag frequency' command is executed.
19:08:44 INFO  : 'targets -set -filter {jtag_cable_name =~ "Digilent Nexys4DDR 210292646023A" && level==0} -index 0' command is executed.
19:08:46 INFO  : FPGA configured successfully with bitstream "C:/Users/arthu/Documents/ECE532/Tutorials/5_TCPClientUsingLWIP/GroupTask/GroupTask.sdk/design_1_wrapper_hw_platform_0/design_1_wrapper.bit"
19:08:46 INFO  : 'configparams mdm-detect-bscan-mask 2' command is executed.
19:08:47 INFO  : Context for processor 'microblaze_0' is selected.
19:08:47 INFO  : Processor reset is completed for 'microblaze_0'.
19:08:47 INFO  : Context for processor 'microblaze_0' is selected.
19:08:47 INFO  : The application 'C:/Users/arthu/Documents/ECE532/Tutorials/5_TCPClientUsingLWIP/GroupTask/GroupTask.sdk/echo_project/Debug/echo_project.elf' is downloaded to processor 'microblaze_0'.
19:08:47 INFO  : ----------------XSDB Script----------------
connect -url tcp:127.0.0.1:3121
targets -set -filter {jtag_cable_name =~ "Digilent Nexys4DDR 210292646023A" && level==0} -index 0
fpga -file C:/Users/arthu/Documents/ECE532/Tutorials/5_TCPClientUsingLWIP/GroupTask/GroupTask.sdk/design_1_wrapper_hw_platform_0/design_1_wrapper.bit
configparams mdm-detect-bscan-mask 2
targets -set -nocase -filter {name =~ "microblaze*#0" && bscan=="USER2"  && jtag_cable_name =~ "Digilent Nexys4DDR 210292646023A"} -index 0
rst -processor
targets -set -nocase -filter {name =~ "microblaze*#0" && bscan=="USER2"  && jtag_cable_name =~ "Digilent Nexys4DDR 210292646023A"} -index 0
dow C:/Users/arthu/Documents/ECE532/Tutorials/5_TCPClientUsingLWIP/GroupTask/GroupTask.sdk/echo_project/Debug/echo_project.elf
----------------End of Script----------------

19:08:47 INFO  : Context for processor 'microblaze_0' is selected.
19:08:48 INFO  : 'con' command is executed.
19:08:48 INFO  : ----------------XSDB Script (After Launch)----------------
targets -set -nocase -filter {name =~ "microblaze*#0" && bscan=="USER2"  && jtag_cable_name =~ "Digilent Nexys4DDR 210292646023A"} -index 0
con
----------------End of Script----------------

19:08:48 INFO  : Disconnected from the channel tcfchan#1.
19:09:35 INFO  : Connected to target on host '127.0.0.1' and port '3121'.
19:09:35 INFO  : Jtag cable 'Digilent Nexys4DDR 210292646023A' is selected.
19:09:35 INFO  : 'jtag frequency' command is executed.
19:09:36 INFO  : 'targets -set -filter {jtag_cable_name =~ "Digilent Nexys4DDR 210292646023A" && level==0} -index 0' command is executed.
19:09:38 INFO  : FPGA configured successfully with bitstream "C:/Users/arthu/Documents/ECE532/Tutorials/5_TCPClientUsingLWIP/GroupTask/GroupTask.sdk/design_1_wrapper_hw_platform_0/design_1_wrapper.bit"
19:09:38 INFO  : 'configparams mdm-detect-bscan-mask 2' command is executed.
19:09:38 INFO  : Context for processor 'microblaze_0' is selected.
19:09:38 INFO  : Processor reset is completed for 'microblaze_0'.
19:09:38 INFO  : Context for processor 'microblaze_0' is selected.
19:09:39 INFO  : The application 'C:/Users/arthu/Documents/ECE532/Tutorials/5_TCPClientUsingLWIP/GroupTask/GroupTask.sdk/echo_project/Debug/echo_project.elf' is downloaded to processor 'microblaze_0'.
19:09:39 INFO  : ----------------XSDB Script----------------
connect -url tcp:127.0.0.1:3121
targets -set -filter {jtag_cable_name =~ "Digilent Nexys4DDR 210292646023A" && level==0} -index 0
fpga -file C:/Users/arthu/Documents/ECE532/Tutorials/5_TCPClientUsingLWIP/GroupTask/GroupTask.sdk/design_1_wrapper_hw_platform_0/design_1_wrapper.bit
configparams mdm-detect-bscan-mask 2
targets -set -nocase -filter {name =~ "microblaze*#0" && bscan=="USER2"  && jtag_cable_name =~ "Digilent Nexys4DDR 210292646023A"} -index 0
rst -processor
targets -set -nocase -filter {name =~ "microblaze*#0" && bscan=="USER2"  && jtag_cable_name =~ "Digilent Nexys4DDR 210292646023A"} -index 0
dow C:/Users/arthu/Documents/ECE532/Tutorials/5_TCPClientUsingLWIP/GroupTask/GroupTask.sdk/echo_project/Debug/echo_project.elf
----------------End of Script----------------

19:09:39 INFO  : Context for processor 'microblaze_0' is selected.
19:09:39 INFO  : 'con' command is executed.
19:09:39 INFO  : ----------------XSDB Script (After Launch)----------------
targets -set -nocase -filter {name =~ "microblaze*#0" && bscan=="USER2"  && jtag_cable_name =~ "Digilent Nexys4DDR 210292646023A"} -index 0
con
----------------End of Script----------------

19:09:39 INFO  : Disconnected from the channel tcfchan#2.
