#-----------------------------------------------------------
# Vivado v2018.3 (64-bit)
# SW Build 2405991 on Thu Dec  6 23:38:27 MST 2018
# IP Build 2404404 on Fri Dec  7 01:43:56 MST 2018
# Start of session at: Tue Jan 24 19:05:38 2023
# Process ID: 8896
# Current directory: C:/Users/arthu/Documents/ECE532/Tutorials/5_TCPClientUsingLWIP/GroupTask
# Command line: vivado.exe -gui_launcher_event rodinguilauncherevent2608 C:\Users\arthu\Documents\ECE532\Tutorials\5_TCPClientUsingLWIP\GroupTask\GroupTask.xpr
# Log file: C:/Users/arthu/Documents/ECE532/Tutorials/5_TCPClientUsingLWIP/GroupTask/vivado.log
# Journal file: C:/Users/arthu/Documents/ECE532/Tutorials/5_TCPClientUsingLWIP/GroupTask\vivado.jou
#-----------------------------------------------------------
start_gui
open_project C:/Users/arthu/Documents/ECE532/Tutorials/5_TCPClientUsingLWIP/GroupTask/GroupTask.xpr
Scanning sources...
Finished scanning sources
INFO: [IP_Flow 19-234] Refreshing IP repositories
INFO: [IP_Flow 19-1704] No user IP repositories specified
INFO: [IP_Flow 19-2313] Loaded Vivado IP repository 'C:/Xilinx/Vivado/2018.3/data/ip'.
CRITICAL WARNING: [Common 17-1649] The Vivado message database 'C:/Users/arthu/Documents/ECE532/Tutorials/5_TCPClientUsingLWIP/GroupTask/GroupTask.runs/synth_1/vivado.pb' contains 21127 messages. Restoring all messages from this message database will impact Vivado performance, so only WARNING, CRITICAL WARNING, and ERROR messages will be restored. To restore all messages from this file use the tcl command 'set_param messaging.loadPbLimit 21128' and re-open the project.
open_project: Time (s): cpu = 00:00:41 ; elapsed = 00:00:28 . Memory (MB): peak = 924.070 ; gain = 333.641
update_compile_order -fileset sources_1
launch_sdk -workspace C:/Users/arthu/Documents/ECE532/Tutorials/5_TCPClientUsingLWIP/GroupTask/GroupTask.sdk -hwspec C:/Users/arthu/Documents/ECE532/Tutorials/5_TCPClientUsingLWIP/GroupTask/GroupTask.sdk/design_1_wrapper.hdf
INFO: [Vivado 12-393] Launching SDK...
INFO: [Vivado 12-417] Running xsdk -workspace C:/Users/arthu/Documents/ECE532/Tutorials/5_TCPClientUsingLWIP/GroupTask/GroupTask.sdk -hwspec C:/Users/arthu/Documents/ECE532/Tutorials/5_TCPClientUsingLWIP/GroupTask/GroupTask.sdk/design_1_wrapper.hdf
INFO: [Vivado 12-3157] SDK launch initiated. Please check console for any further messages.
exit
INFO: [Common 17-206] Exiting Vivado at Tue Jan 24 19:10:15 2023...
